<?xml version="1.0" encoding="UTF-8"?>
<!-- Generated by org.testng.reporters.JUnitXMLReporter -->
<testsuite ignored="4" hostname="UrviDhruvs-MBP" failures="0" tests="6" name="SwagLabsMobileTestingLoginTests" time="68.812" errors="0" timestamp="2023-02-08T22:50:14 GST">
  <testcase classname="Org.Mobile.Tests.LoginTests" name="InvalidUserNameTests" time="5.835"/>
  <testcase classname="Org.Mobile.Tests.LoginTests" name="invalidPasswordTests" time="6.032"/>
  <testcase classname="Org.Mobile.Tests.LoginTests" name="lockedOutUserTests" time="6.483"/>
  <testcase classname="Org.Mobile.Tests.LoginTests" name="successfulLoginTests" time="8.321"/>
  <testcase classname="Org.Mobile.Tests.ProductsTests" name="productsValidations" time="17.932"/>
  <testcase classname="Org.Mobile.Tests.ProductDetailsTests" name="productsDetailsValidations" time="9.529"/>
  <testcase classname="Org.Mobile.Base.BaseTest" name="@AfterTest quitDriver" time="0.0">
    <ignored/>
  </testcase> <!-- @AfterTest quitDriver -->
  <testcase classname="Org.Mobile.Base.BaseTest" name="@BeforeTest startDriver" time="0.0">
    <ignored/>
  </testcase> <!-- @BeforeTest startDriver -->
  <testcase classname="Org.Mobile.Base.BaseTest" name="@BeforeTest startDriver" time="0.0">
    <ignored/>
  </testcase> <!-- @BeforeTest startDriver -->
  <testcase classname="Org.Mobile.Base.BaseTest" name="@AfterTest quitDriver" time="0.0">
    <ignored/>
  </testcase> <!-- @AfterTest quitDriver -->
</testsuite> <!-- SwagLabsMobileTestingLoginTests -->
