<?xml version="1.0" encoding="UTF-8"?>
<!-- Generated by org.testng.reporters.JUnitXMLReporter -->
<testsuite ignored="4" hostname="UrviDhruvs-MBP" failures="0" tests="6" name="SwagLabsMobileTestingLoginTests" time="75.036" errors="0" timestamp="2023-02-09T19:29:59 GST">
  <testcase classname="Org.Mobile.Tests.LoginTests" name="InvalidUserNameTests" time="6.334"/>
  <testcase classname="Org.Mobile.Tests.LoginTests" name="invalidPasswordTests" time="5.931"/>
  <testcase classname="Org.Mobile.Tests.LoginTests" name="lockedOutUserTests" time="6.017"/>
  <testcase classname="Org.Mobile.Tests.LoginTests" name="successfulLoginTests" time="10.501"/>
  <testcase classname="Org.Mobile.Tests.ProductsTests" name="productsValidations" time="20.229"/>
  <testcase classname="Org.Mobile.Tests.ProductDetailsTests" name="productsDetailsValidations" time="9.363"/>
  <testcase classname="Org.Mobile.Base.BaseTest" name="@AfterTest quitDriver" time="0.0">
    <ignored/>
  </testcase> <!-- @AfterTest quitDriver -->
  <testcase classname="Org.Mobile.Base.BaseTest" name="@BeforeTest startDriver" time="0.0">
    <ignored/>
  </testcase> <!-- @BeforeTest startDriver -->
  <testcase classname="Org.Mobile.Base.BaseTest" name="@BeforeTest startDriver" time="0.0">
    <ignored/>
  </testcase> <!-- @BeforeTest startDriver -->
  <testcase classname="Org.Mobile.Base.BaseTest" name="@AfterTest quitDriver" time="0.0">
    <ignored/>
  </testcase> <!-- @AfterTest quitDriver -->
</testsuite> <!-- SwagLabsMobileTestingLoginTests -->
