<?xml version="1.0" encoding="UTF-8"?>
<testng-results ignored="4" total="10" passed="6" failed="0" skipped="0">
  <reporter-output>
  </reporter-output>
  <suite started-at="2023-02-09T19:28:44 GST" name="All Test Suite" finished-at="2023-02-09T19:29:59 GST" duration-ms="75036">
    <groups>
    </groups>
    <test started-at="2023-02-09T19:28:44 GST" name="SwagLabsMobileTestingLoginTests" finished-at="2023-02-09T19:29:59 GST" duration-ms="75036">
      <class name="Org.Mobile.Tests.LoginTests">
        <test-method is-config="true" signature="startDriver(java.lang.String,java.lang.String,java.lang.String)[pri:0, instance:Org.Mobile.Tests.LoginTests@63355449]" started-at="2023-02-09T19:28:44 GST" name="startDriver" finished-at="2023-02-09T19:28:50 GST" duration-ms="6024" status="PASS">
          <params>
            <param index="0">
              <value>
                <![CDATA[iOS]]>
              </value>
            </param>
            <param index="1">
              <value>
                <![CDATA[16.2]]>
              </value>
            </param>
            <param index="2">
              <value>
                <![CDATA[iPhone 14 Pro Max]]>
              </value>
            </param>
          </params>
          <reporter-output>
          </reporter-output>
        </test-method> <!-- startDriver -->
        <test-method is-config="true" signature="beforeClass()[pri:0, instance:Org.Mobile.Tests.LoginTests@63355449]" started-at="2023-02-09T19:28:50 GST" name="beforeClass" finished-at="2023-02-09T19:28:50 GST" duration-ms="12" status="PASS">
          <reporter-output>
          </reporter-output>
        </test-method> <!-- beforeClass -->
        <test-method is-config="true" signature="beforeMethod(java.lang.reflect.Method)[pri:0, instance:Org.Mobile.Tests.LoginTests@63355449]" started-at="2023-02-09T19:28:50 GST" name="beforeMethod" finished-at="2023-02-09T19:28:50 GST" duration-ms="160" status="PASS">
          <params>
            <param index="0">
              <value>
                <![CDATA[public void Org.Mobile.Tests.LoginTests.InvalidUserNameTests() throws java.io.IOException]]>
              </value>
            </param>
          </params>
          <reporter-output>
          </reporter-output>
        </test-method> <!-- beforeMethod -->
        <test-method signature="InvalidUserNameTests()[pri:0, instance:Org.Mobile.Tests.LoginTests@63355449]" started-at="2023-02-09T19:28:50 GST" name="InvalidUserNameTests" finished-at="2023-02-09T19:28:56 GST" duration-ms="6334" status="PASS">
          <reporter-output>
          </reporter-output>
        </test-method> <!-- InvalidUserNameTests -->
        <test-method is-config="true" signature="afterMethod(org.testng.ITestResult,java.lang.String)[pri:0, instance:Org.Mobile.Tests.LoginTests@63355449]" started-at="2023-02-09T19:28:56 GST" name="afterMethod" finished-at="2023-02-09T19:28:56 GST" duration-ms="3" status="PASS">
          <params>
            <param index="0">
              <value>
                <![CDATA[[TestResult name=InvalidUserNameTests status=SUCCESS method=LoginTests.InvalidUserNameTests()[pri:0, instance:Org.Mobile.Tests.LoginTests@63355449] output={null}]]]>
              </value>
            </param>
            <param index="1">
              <value>
                <![CDATA[iOS]]>
              </value>
            </param>
          </params>
          <reporter-output>
          </reporter-output>
        </test-method> <!-- afterMethod -->
        <test-method is-config="true" signature="beforeMethod(java.lang.reflect.Method)[pri:0, instance:Org.Mobile.Tests.LoginTests@63355449]" started-at="2023-02-09T19:28:56 GST" name="beforeMethod" finished-at="2023-02-09T19:28:56 GST" duration-ms="16" status="PASS">
          <params>
            <param index="0">
              <value>
                <![CDATA[public void Org.Mobile.Tests.LoginTests.invalidPasswordTests()]]>
              </value>
            </param>
          </params>
          <reporter-output>
          </reporter-output>
        </test-method> <!-- beforeMethod -->
        <test-method signature="invalidPasswordTests()[pri:0, instance:Org.Mobile.Tests.LoginTests@63355449]" started-at="2023-02-09T19:28:56 GST" name="invalidPasswordTests" finished-at="2023-02-09T19:29:02 GST" duration-ms="5931" status="PASS">
          <reporter-output>
          </reporter-output>
        </test-method> <!-- invalidPasswordTests -->
        <test-method is-config="true" signature="afterMethod(org.testng.ITestResult,java.lang.String)[pri:0, instance:Org.Mobile.Tests.LoginTests@63355449]" started-at="2023-02-09T19:29:02 GST" name="afterMethod" finished-at="2023-02-09T19:29:02 GST" duration-ms="5" status="PASS">
          <params>
            <param index="0">
              <value>
                <![CDATA[[TestResult name=invalidPasswordTests status=SUCCESS method=LoginTests.invalidPasswordTests()[pri:0, instance:Org.Mobile.Tests.LoginTests@63355449] output={null}]]]>
              </value>
            </param>
            <param index="1">
              <value>
                <![CDATA[iOS]]>
              </value>
            </param>
          </params>
          <reporter-output>
          </reporter-output>
        </test-method> <!-- afterMethod -->
        <test-method is-config="true" signature="beforeMethod(java.lang.reflect.Method)[pri:0, instance:Org.Mobile.Tests.LoginTests@63355449]" started-at="2023-02-09T19:29:02 GST" name="beforeMethod" finished-at="2023-02-09T19:29:02 GST" duration-ms="22" status="PASS">
          <params>
            <param index="0">
              <value>
                <![CDATA[public void Org.Mobile.Tests.LoginTests.lockedOutUserTests()]]>
              </value>
            </param>
          </params>
          <reporter-output>
          </reporter-output>
        </test-method> <!-- beforeMethod -->
        <test-method signature="lockedOutUserTests()[pri:0, instance:Org.Mobile.Tests.LoginTests@63355449]" started-at="2023-02-09T19:29:02 GST" name="lockedOutUserTests" finished-at="2023-02-09T19:29:08 GST" duration-ms="6017" status="PASS">
          <reporter-output>
          </reporter-output>
        </test-method> <!-- lockedOutUserTests -->
        <test-method is-config="true" signature="afterMethod(org.testng.ITestResult,java.lang.String)[pri:0, instance:Org.Mobile.Tests.LoginTests@63355449]" started-at="2023-02-09T19:29:08 GST" name="afterMethod" finished-at="2023-02-09T19:29:08 GST" duration-ms="4" status="PASS">
          <params>
            <param index="0">
              <value>
                <![CDATA[[TestResult name=lockedOutUserTests status=SUCCESS method=LoginTests.lockedOutUserTests()[pri:0, instance:Org.Mobile.Tests.LoginTests@63355449] output={null}]]]>
              </value>
            </param>
            <param index="1">
              <value>
                <![CDATA[iOS]]>
              </value>
            </param>
          </params>
          <reporter-output>
          </reporter-output>
        </test-method> <!-- afterMethod -->
        <test-method is-config="true" signature="beforeMethod(java.lang.reflect.Method)[pri:0, instance:Org.Mobile.Tests.LoginTests@63355449]" started-at="2023-02-09T19:29:08 GST" name="beforeMethod" finished-at="2023-02-09T19:29:08 GST" duration-ms="18" status="PASS">
          <params>
            <param index="0">
              <value>
                <![CDATA[public void Org.Mobile.Tests.LoginTests.successfulLoginTests()]]>
              </value>
            </param>
          </params>
          <reporter-output>
          </reporter-output>
        </test-method> <!-- beforeMethod -->
        <test-method signature="successfulLoginTests()[pri:0, instance:Org.Mobile.Tests.LoginTests@63355449]" started-at="2023-02-09T19:29:08 GST" name="successfulLoginTests" finished-at="2023-02-09T19:29:19 GST" duration-ms="10501" status="PASS">
          <reporter-output>
          </reporter-output>
        </test-method> <!-- successfulLoginTests -->
        <test-method is-config="true" signature="afterMethod(org.testng.ITestResult,java.lang.String)[pri:0, instance:Org.Mobile.Tests.LoginTests@63355449]" started-at="2023-02-09T19:29:19 GST" name="afterMethod" finished-at="2023-02-09T19:29:19 GST" duration-ms="2" status="PASS">
          <params>
            <param index="0">
              <value>
                <![CDATA[[TestResult name=successfulLoginTests status=SUCCESS method=LoginTests.successfulLoginTests()[pri:0, instance:Org.Mobile.Tests.LoginTests@63355449] output={null}]]]>
              </value>
            </param>
            <param index="1">
              <value>
                <![CDATA[iOS]]>
              </value>
            </param>
          </params>
          <reporter-output>
          </reporter-output>
        </test-method> <!-- afterMethod -->
        <test-method is-config="true" signature="afterClass()[pri:0, instance:Org.Mobile.Tests.LoginTests@63355449]" started-at="2023-02-09T19:29:19 GST" name="afterClass" finished-at="2023-02-09T19:29:22 GST" duration-ms="3021" status="PASS">
          <reporter-output>
          </reporter-output>
        </test-method> <!-- afterClass -->
        <test-method is-config="true" signature="quitDriver()[pri:0, instance:Org.Mobile.Tests.LoginTests@63355449]" started-at="2023-02-09T19:29:58 GST" name="quitDriver" finished-at="2023-02-09T19:29:59 GST" duration-ms="1177" status="PASS">
          <reporter-output>
          </reporter-output>
        </test-method> <!-- quitDriver -->
      </class> <!-- Org.Mobile.Tests.LoginTests -->
      <class name="Org.Mobile.Tests.ProductsTests">
        <test-method is-config="true" signature="beforeClass()[pri:0, instance:Org.Mobile.Tests.ProductsTests@635eaaf1]" started-at="2023-02-09T19:29:22 GST" name="beforeClass" finished-at="2023-02-09T19:29:22 GST" duration-ms="11" status="PASS">
          <reporter-output>
          </reporter-output>
        </test-method> <!-- beforeClass -->
        <test-method is-config="true" signature="beforeMethod(java.lang.reflect.Method)[pri:0, instance:Org.Mobile.Tests.ProductsTests@635eaaf1]" started-at="2023-02-09T19:29:22 GST" name="beforeMethod" finished-at="2023-02-09T19:29:22 GST" duration-ms="16" status="PASS">
          <params>
            <param index="0">
              <value>
                <![CDATA[public void Org.Mobile.Tests.ProductsTests.productsValidations()]]>
              </value>
            </param>
          </params>
          <reporter-output>
          </reporter-output>
        </test-method> <!-- beforeMethod -->
        <test-method signature="productsValidations()[pri:0, instance:Org.Mobile.Tests.ProductsTests@635eaaf1]" started-at="2023-02-09T19:29:22 GST" name="productsValidations" finished-at="2023-02-09T19:29:42 GST" duration-ms="20229" status="PASS">
          <reporter-output>
          </reporter-output>
        </test-method> <!-- productsValidations -->
        <test-method is-config="true" signature="afterMethod(org.testng.ITestResult,java.lang.String)[pri:0, instance:Org.Mobile.Tests.ProductsTests@635eaaf1]" started-at="2023-02-09T19:29:42 GST" name="afterMethod" finished-at="2023-02-09T19:29:42 GST" duration-ms="17" status="PASS">
          <params>
            <param index="0">
              <value>
                <![CDATA[[TestResult name=productsValidations status=SUCCESS method=ProductsTests.productsValidations()[pri:0, instance:Org.Mobile.Tests.ProductsTests@635eaaf1] output={null}]]]>
              </value>
            </param>
            <param index="1">
              <value>
                <![CDATA[iOS]]>
              </value>
            </param>
          </params>
          <reporter-output>
          </reporter-output>
        </test-method> <!-- afterMethod -->
        <test-method is-config="true" signature="afterClass()[pri:0, instance:Org.Mobile.Tests.ProductsTests@635eaaf1]" started-at="2023-02-09T19:29:42 GST" name="afterClass" finished-at="2023-02-09T19:29:45 GST" duration-ms="3121" status="PASS">
          <reporter-output>
          </reporter-output>
        </test-method> <!-- afterClass -->
      </class> <!-- Org.Mobile.Tests.ProductsTests -->
      <class name="Org.Mobile.Tests.ProductDetailsTests">
        <test-method is-config="true" signature="beforeClass()[pri:0, instance:Org.Mobile.Tests.ProductDetailsTests@5c30a9b0]" started-at="2023-02-09T19:29:46 GST" name="beforeClass" finished-at="2023-02-09T19:29:46 GST" duration-ms="22" status="PASS">
          <reporter-output>
          </reporter-output>
        </test-method> <!-- beforeClass -->
        <test-method is-config="true" signature="beforeMethod(java.lang.reflect.Method)[pri:0, instance:Org.Mobile.Tests.ProductDetailsTests@5c30a9b0]" started-at="2023-02-09T19:29:46 GST" name="beforeMethod" finished-at="2023-02-09T19:29:46 GST" duration-ms="92" status="PASS">
          <params>
            <param index="0">
              <value>
                <![CDATA[public void Org.Mobile.Tests.ProductDetailsTests.productsDetailsValidations()]]>
              </value>
            </param>
          </params>
          <reporter-output>
          </reporter-output>
        </test-method> <!-- beforeMethod -->
        <test-method signature="productsDetailsValidations()[pri:0, instance:Org.Mobile.Tests.ProductDetailsTests@5c30a9b0]" started-at="2023-02-09T19:29:46 GST" name="productsDetailsValidations" finished-at="2023-02-09T19:29:55 GST" duration-ms="9363" status="PASS">
          <reporter-output>
          </reporter-output>
        </test-method> <!-- productsDetailsValidations -->
        <test-method is-config="true" signature="afterMethod(org.testng.ITestResult,java.lang.String)[pri:0, instance:Org.Mobile.Tests.ProductDetailsTests@5c30a9b0]" started-at="2023-02-09T19:29:55 GST" name="afterMethod" finished-at="2023-02-09T19:29:55 GST" duration-ms="3" status="PASS">
          <params>
            <param index="0">
              <value>
                <![CDATA[[TestResult name=productsDetailsValidations status=SUCCESS method=ProductDetailsTests.productsDetailsValidations()[pri:0, instance:Org.Mobile.Tests.ProductDetailsTests@5c30a9b0] output={null}]]]>
              </value>
            </param>
            <param index="1">
              <value>
                <![CDATA[iOS]]>
              </value>
            </param>
          </params>
          <reporter-output>
          </reporter-output>
        </test-method> <!-- afterMethod -->
        <test-method is-config="true" signature="afterClass()[pri:0, instance:Org.Mobile.Tests.ProductDetailsTests@5c30a9b0]" started-at="2023-02-09T19:29:55 GST" name="afterClass" finished-at="2023-02-09T19:29:58 GST" duration-ms="2701" status="PASS">
          <reporter-output>
          </reporter-output>
        </test-method> <!-- afterClass -->
      </class> <!-- Org.Mobile.Tests.ProductDetailsTests -->
    </test> <!-- SwagLabsMobileTestingLoginTests -->
  </suite> <!-- All Test Suite -->
</testng-results>
